<?xml version="1.0" encoding="UTF-8"?>
<coverage generated="1548137292350" clover="3.2.0">
  <project timestamp="1548137292350" name="All files">
    <metrics statements="5" coveredstatements="1" conditionals="0" coveredconditionals="0" methods="1" coveredmethods="0" elements="6" coveredelements="1" complexity="0" loc="5" ncloc="5" packages="1" files="2" classes="2">
      <file name="App.vue" path="/Users/trentondaniels/Desktop/projects/vue-from-scratch/src/App.vue">
        <metrics statements="1" coveredstatements="1" conditionals="0" coveredconditionals="0" methods="0" coveredmethods="0"/>
        <line num="8" count="1" type="stmt"/>
      </file>
      <file name="index.js" path="/Users/trentondaniels/Desktop/projects/vue-from-scratch/src/index.js">
        <metrics statements="4" coveredstatements="0" conditionals="0" coveredconditionals="0" methods="1" coveredmethods="0"/>
        <line num="1" count="0" type="stmt"/>
        <line num="2" count="0" type="stmt"/>
        <line num="5" count="0" type="stmt"/>
        <line num="7" count="0" type="stmt"/>
      </file>
    </metrics>
  </project>
</coverage>
